#-----------------------------------------------------------
# Vivado v2021.1 (64-bit)
# SW Build 3247384 on Thu Jun 10 19:36:33 MDT 2021
# IP Build 3246043 on Fri Jun 11 00:30:35 MDT 2021
# Start of session at: Sun Oct 23 11:55:16 2022
# Process ID: 13472
# Current directory: C:/Users/17072/Desktop/CSUSB/Fall 2022/CSE-4010/Labs/Lab_4/4010_lab_4
# Command line: vivado.exe -gui_launcher_event rodinguilauncherevent10888 C:\Users\17072\Desktop\CSUSB\Fall 2022\CSE-4010\Labs\Lab_4\4010_lab_4\project_4.xpr
# Log file: C:/Users/17072/Desktop/CSUSB/Fall 2022/CSE-4010/Labs/Lab_4/4010_lab_4/vivado.log
# Journal file: C:/Users/17072/Desktop/CSUSB/Fall 2022/CSE-4010/Labs/Lab_4/4010_lab_4\vivado.jou
#-----------------------------------------------------------
start_gui
open_project {C:/Users/17072/Desktop/CSUSB/Fall 2022/CSE-4010/Labs/Lab_4/4010_lab_4/project_4.xpr}
INFO: [Project 1-313] Project file moved from 'E:/Vivado/steve/project_4' since last save.
WARNING: [filemgmt 56-2] Default IP Output Path : Could not find the directory 'C:/Users/17072/Desktop/CSUSB/Fall 2022/CSE-4010/Labs/Lab_4/4010_lab_4/project_4.gen/sources_1', nor could it be found using path 'E:/Vivado/steve/project_4/project_4.gen/sources_1'.
CRITICAL WARNING: [Project 1-505] Unrecognized Option Name EnableResourceEstimation
WARNING: [filemgmt 56-2] IPUserFilesDir: Could not find the directory 'C:/Users/17072/Desktop/CSUSB/Fall 2022/CSE-4010/Labs/Lab_4/4010_lab_4/project_4.ip_user_files', nor could it be found using path 'E:/Vivado/steve/project_4/project_4.ip_user_files'.
CRITICAL WARNING: [Project 1-505] Unrecognized Option Name LocalIPRepoLeafDirName
CRITICAL WARNING: [Project 1-19] Could not find the file 'C:/Users/steve/Downloads/riscvsingle_top.sv'.
CRITICAL WARNING: [Project 1-19] Could not find the file 'C:/Users/steve/Downloads/dmem.sv'.
CRITICAL WARNING: [Project 1-19] Could not find the file 'C:/Users/steve/Downloads/imem.sv'.
Scanning sources...
Finished scanning sources
CRITICAL WARNING: [Project 1-192] Failed to load run synth_1. Strategy Vivado Synthesis Defaults (Vivado Synthesis 2022) not recognized by Vivado. 

CRITICAL WARNING: [Project 1-192] Failed to load run impl_1. Strategy Vivado Implementation Defaults (Vivado Implementation 2022) not recognized by Vivado. 

WARNING: [Project 1-231] Project 'project_4.xpr' was created with a future version and may or may not perform reliably with this version of Vivado. It has been opened in read-only mode for the protection of unrecognized data. Use 'File | Save Project As...' if you wish to alter a copy of the project.
INFO: [IP_Flow 19-234] Refreshing IP repositories
INFO: [IP_Flow 19-1704] No user IP repositories specified
INFO: [IP_Flow 19-2313] Loaded Vivado IP repository 'C:/Xilinx/Vivado/2021.1/data/ip'.
open_project: Time (s): cpu = 00:00:14 ; elapsed = 00:00:06 . Memory (MB): peak = 1122.145 ; gain = 0.000
update_compile_order -fileset sources_1
save_project_as project_4 {C:/Users/17072/Desktop/CSUSB/Fall 2022/CSE-4010/Labs/Lab_4} -exclude_run_results -force
INFO: [Coretcl 2-133] re-setting run 'synth_1'...
INFO: [Coretcl 2-133] re-setting run 'impl_1'...
import_files
INFO: [filemgmt 20-348] Importing the appropriate files for fileset: 'sources_1'
WARNING: [filemgmt 20-342] File / dir doesn't exist, skipping: C:/Users/steve/Downloads/riscvsingle_top.sv
WARNING: [filemgmt 20-342] File / dir doesn't exist, skipping: C:/Users/steve/Downloads/dmem.sv
WARNING: [filemgmt 20-342] File / dir doesn't exist, skipping: C:/Users/steve/Downloads/imem.sv
exit
INFO: [Common 17-206] Exiting Vivado at Sun Oct 23 11:57:32 2022...
