#-----------------------------------------------------------
# Vivado v2021.1 (64-bit)
# SW Build 3247384 on Thu Jun 10 19:36:33 MDT 2021
# IP Build 3246043 on Fri Jun 11 00:30:35 MDT 2021
# Start of session at: Mon Oct 24 18:41:40 2022
# Process ID: 2364
# Current directory: C:/Users/17072/Desktop/4010_lab_4
# Command line: vivado.exe -gui_launcher_event rodinguilauncherevent3228 C:\Users\17072\Desktop\4010_lab_4\4010_lab_4.xpr
# Log file: C:/Users/17072/Desktop/4010_lab_4/vivado.log
# Journal file: C:/Users/17072/Desktop/4010_lab_4\vivado.jou
#-----------------------------------------------------------
start_gui
open_project C:/Users/17072/Desktop/4010_lab_4/4010_lab_4.xpr
INFO: [Project 1-313] Project file moved from 'C:/Users/17072/Desktop/new_p4/4010_lab_4' since last save.
WARNING: [filemgmt 56-2] Default IP Output Path : Could not find the directory 'C:/Users/17072/Desktop/4010_lab_4/4010_lab_4.gen/sources_1', nor could it be found using path 'C:/Users/17072/Desktop/new_p4/4010_lab_4/4010_lab_4.gen/sources_1'.
Scanning sources...
Finished scanning sources
INFO: [IP_Flow 19-234] Refreshing IP repositories
INFO: [IP_Flow 19-1704] No user IP repositories specified
INFO: [IP_Flow 19-2313] Loaded Vivado IP repository 'C:/Xilinx/Vivado/2021.1/data/ip'.
open_project: Time (s): cpu = 00:00:13 ; elapsed = 00:00:06 . Memory (MB): peak = 1122.883 ; gain = 0.000
update_compile_order -fileset sources_1
exit
INFO: [Common 17-206] Exiting Vivado at Mon Oct 24 18:42:23 2022...
